<?xml version="1.0" encoding="UTF-8"?>
<!-- Generated by org.testng.reporters.JUnitReportReporter -->
<testsuite hostname="Austins-iMac.local" name="com.austingantner.codingchallengerewritelib.SimulatorNGTest" tests="3" failures="0" timestamp="21 Jul 2013 20:03:01 GMT" time="2.853" errors="0">
  <testcase name="testRandomPlayer" time="0.002" classname="com.austingantner.codingchallengerewritelib.SimulatorNGTest"/>
  <testcase name="testRandomGame_int" time="1.636" classname="com.austingantner.codingchallengerewritelib.SimulatorNGTest"/>
  <testcase name="testRandomGame_0args" time="1.215" classname="com.austingantner.codingchallengerewritelib.SimulatorNGTest"/>
</testsuite> <!-- com.austingantner.codingchallengerewritelib.SimulatorNGTest -->
