<?xml version="1.0" encoding="UTF-8"?>
<!-- Generated by org.testng.reporters.JUnitReportReporter -->
<testsuite hostname="Austins-iMac.local" name="com.austingantner.codingchallengerewritelib.SimulatorNGTest" tests="3" failures="0" timestamp="22 Jul 2013 22:24:29 GMT" time="2.715" errors="0">
  <testcase name="testRandomGame_int" time="1.520" classname="com.austingantner.codingchallengerewritelib.SimulatorNGTest"/>
  <testcase name="testRandomPlayer" time="0.002" classname="com.austingantner.codingchallengerewritelib.SimulatorNGTest"/>
  <testcase name="testRandomGame_0args" time="1.193" classname="com.austingantner.codingchallengerewritelib.SimulatorNGTest"/>
</testsuite> <!-- com.austingantner.codingchallengerewritelib.SimulatorNGTest -->
