<?xml version="1.0" encoding="UTF-8"?>
<!-- Generated by org.testng.reporters.JUnitReportReporter -->
<testsuite hostname="Austins-iMac.local" name="com.austingantner.codingchallengerewritelib.SimulatorNGTest" tests="3" failures="0" timestamp="8 Sep 2013 22:22:10 GMT" time="3.049" errors="0">
  <testcase name="testRandomGame_0args" time="1.118" classname="com.austingantner.codingchallengerewritelib.SimulatorNGTest"/>
  <testcase name="testRandomGame_int" time="1.931" classname="com.austingantner.codingchallengerewritelib.SimulatorNGTest"/>
  <testcase name="testRandomPlayer" time="0.000" classname="com.austingantner.codingchallengerewritelib.SimulatorNGTest"/>
</testsuite> <!-- com.austingantner.codingchallengerewritelib.SimulatorNGTest -->
