<?xml version="1.0" encoding="UTF-8"?>
<!-- Generated by org.testng.reporters.JUnitReportReporter -->
<testsuite hostname="Austins-iMac.local" name="com.austingantner.codingchallengerewritelib.AchievementEvaluatorNGTest" tests="11" failures="0" timestamp="22 Jul 2013 22:24:29 GMT" time="0.243" errors="0">
  <testcase name="testWorthless" time="0.010" classname="com.austingantner.codingchallengerewritelib.AchievementEvaluatorNGTest"/>
  <testcase name="testSharpShooter" time="0.007" classname="com.austingantner.codingchallengerewritelib.AchievementEvaluatorNGTest"/>
  <testcase name="testHoudini" time="0.008" classname="com.austingantner.codingchallengerewritelib.AchievementEvaluatorNGTest"/>
  <testcase name="testWarrior" time="0.007" classname="com.austingantner.codingchallengerewritelib.AchievementEvaluatorNGTest"/>
  <testcase name="testWingman" time="0.010" classname="com.austingantner.codingchallengerewritelib.AchievementEvaluatorNGTest"/>
  <testcase name="testVeteran" time="0.010" classname="com.austingantner.codingchallengerewritelib.AchievementEvaluatorNGTest"/>
  <testcase name="testEvaluatePlayer" time="0.035" classname="com.austingantner.codingchallengerewritelib.AchievementEvaluatorNGTest"/>
  <testcase name="testBruiser" time="0.132" classname="com.austingantner.codingchallengerewritelib.AchievementEvaluatorNGTest"/>
  <testcase name="testOneManWreckingCrew" time="0.010" classname="com.austingantner.codingchallengerewritelib.AchievementEvaluatorNGTest"/>
  <testcase name="testMageRage" time="0.007" classname="com.austingantner.codingchallengerewritelib.AchievementEvaluatorNGTest"/>
  <testcase name="testFinishingTouch" time="0.007" classname="com.austingantner.codingchallengerewritelib.AchievementEvaluatorNGTest"/>
</testsuite> <!-- com.austingantner.codingchallengerewritelib.AchievementEvaluatorNGTest -->
