<?xml version="1.0" encoding="UTF-8"?>
<!-- Generated by org.testng.reporters.JUnitReportReporter -->
<testsuite hostname="Austins-iMac.local" name="com.austingantner.codingchallengerewritelib.AchievementEvaluatorNGTest" tests="10" failures="0" timestamp="9 Jul 2013 04:08:37 GMT" time="0.267" errors="0">
  <testcase name="testMageRage" time="0.007" classname="com.austingantner.codingchallengerewritelib.AchievementEvaluatorNGTest"/>
  <testcase name="testWarrior" time="0.008" classname="com.austingantner.codingchallengerewritelib.AchievementEvaluatorNGTest"/>
  <testcase name="testWorthless" time="0.011" classname="com.austingantner.codingchallengerewritelib.AchievementEvaluatorNGTest"/>
  <testcase name="testVeteran" time="0.011" classname="com.austingantner.codingchallengerewritelib.AchievementEvaluatorNGTest"/>
  <testcase name="testFinishingTouch" time="0.007" classname="com.austingantner.codingchallengerewritelib.AchievementEvaluatorNGTest"/>
  <testcase name="testSharpShooter" time="0.007" classname="com.austingantner.codingchallengerewritelib.AchievementEvaluatorNGTest"/>
  <testcase name="testHoudini" time="0.007" classname="com.austingantner.codingchallengerewritelib.AchievementEvaluatorNGTest"/>
  <testcase name="testOneManWreckingCrew" time="0.010" classname="com.austingantner.codingchallengerewritelib.AchievementEvaluatorNGTest"/>
  <testcase name="testWingman" time="0.011" classname="com.austingantner.codingchallengerewritelib.AchievementEvaluatorNGTest"/>
  <testcase name="testBruiser" time="0.188" classname="com.austingantner.codingchallengerewritelib.AchievementEvaluatorNGTest"/>
</testsuite> <!-- com.austingantner.codingchallengerewritelib.AchievementEvaluatorNGTest -->
