<?xml version="1.0" encoding="UTF-8"?>
<!-- Generated by org.testng.reporters.JUnitReportReporter -->
<testsuite hostname="Austins-iMac.local" name="com.austingantner.codingchallengerewritelib.SimulatorNGTest" tests="3" failures="0" timestamp="23 Oct 2013 16:16:57 GMT" time="11.882" errors="0">
  <testcase name="testRandomGame_int" time="8.692" classname="com.austingantner.codingchallengerewritelib.SimulatorNGTest"/>
  <testcase name="testRandomGame_0args" time="3.190" classname="com.austingantner.codingchallengerewritelib.SimulatorNGTest"/>
  <testcase name="testRandomPlayer" time="0.000" classname="com.austingantner.codingchallengerewritelib.SimulatorNGTest"/>
</testsuite> <!-- com.austingantner.codingchallengerewritelib.SimulatorNGTest -->
