<?xml version="1.0" encoding="UTF-8"?>
<!-- Generated by org.testng.reporters.JUnitReportReporter -->
<testsuite hostname="Austins-iMac.local" name="com.austingantner.codingchallengerewritelib.GameNGTest" tests="2" failures="0" timestamp="8 Sep 2013 22:22:10 GMT" time="0.000" errors="0">
  <testcase name="testGetTeam2Stat" time="0.000" classname="com.austingantner.codingchallengerewritelib.GameNGTest"/>
  <testcase name="testGetTeam1Stat" time="0.000" classname="com.austingantner.codingchallengerewritelib.GameNGTest"/>
</testsuite> <!-- com.austingantner.codingchallengerewritelib.GameNGTest -->
