<?xml version="1.0" encoding="UTF-8"?>
<!-- Generated by org.testng.reporters.JUnitReportReporter -->
<testsuite hostname="Austins-iMac.local" name="com.austingantner.codingchallengerewritelib.SimulatorNGTest" tests="3" failures="0" timestamp="17 Sep 2013 03:00:35 GMT" time="11.984" errors="0">
  <testcase name="testRandomGame_int" time="8.545" classname="com.austingantner.codingchallengerewritelib.SimulatorNGTest"/>
  <testcase name="testRandomGame_0args" time="3.439" classname="com.austingantner.codingchallengerewritelib.SimulatorNGTest"/>
  <testcase name="testRandomPlayer" time="0.000" classname="com.austingantner.codingchallengerewritelib.SimulatorNGTest"/>
</testsuite> <!-- com.austingantner.codingchallengerewritelib.SimulatorNGTest -->
