<?xml version="1.0" encoding="UTF-8"?>
<!-- Generated by org.testng.reporters.JUnitReportReporter -->
<testsuite hostname="Austins-iMac.local" name="com.austingantner.codingchallengerewritelib.AchievementEvaluatorNGTest" tests="11" failures="0" timestamp="21 Jul 2013 20:03:01 GMT" time="0.290" errors="0">
  <testcase name="testWingman" time="0.010" classname="com.austingantner.codingchallengerewritelib.AchievementEvaluatorNGTest"/>
  <testcase name="testWorthless" time="0.011" classname="com.austingantner.codingchallengerewritelib.AchievementEvaluatorNGTest"/>
  <testcase name="testMageRage" time="0.007" classname="com.austingantner.codingchallengerewritelib.AchievementEvaluatorNGTest"/>
  <testcase name="testSharpShooter" time="0.007" classname="com.austingantner.codingchallengerewritelib.AchievementEvaluatorNGTest"/>
  <testcase name="testVeteran" time="0.012" classname="com.austingantner.codingchallengerewritelib.AchievementEvaluatorNGTest"/>
  <testcase name="testBruiser" time="0.160" classname="com.austingantner.codingchallengerewritelib.AchievementEvaluatorNGTest"/>
  <testcase name="testHoudini" time="0.020" classname="com.austingantner.codingchallengerewritelib.AchievementEvaluatorNGTest"/>
  <testcase name="testWarrior" time="0.008" classname="com.austingantner.codingchallengerewritelib.AchievementEvaluatorNGTest"/>
  <testcase name="testEvaluatePlayer" time="0.036" classname="com.austingantner.codingchallengerewritelib.AchievementEvaluatorNGTest"/>
  <testcase name="testOneManWreckingCrew" time="0.012" classname="com.austingantner.codingchallengerewritelib.AchievementEvaluatorNGTest"/>
  <testcase name="testFinishingTouch" time="0.007" classname="com.austingantner.codingchallengerewritelib.AchievementEvaluatorNGTest"/>
</testsuite> <!-- com.austingantner.codingchallengerewritelib.AchievementEvaluatorNGTest -->
