<?xml version="1.0" encoding="UTF-8"?>
<!-- Generated by org.testng.reporters.JUnitReportReporter -->
<testsuite hostname="Austins-iMac.local" name="com.austingantner.codingchallengerewritelib.AchievementEvaluatorNGTest" tests="11" failures="0" timestamp="23 Oct 2013 16:16:57 GMT" time="0.532" errors="0">
  <testcase name="testBruiser" time="0.174" classname="com.austingantner.codingchallengerewritelib.AchievementEvaluatorNGTest"/>
  <testcase name="testHoudini" time="0.007" classname="com.austingantner.codingchallengerewritelib.AchievementEvaluatorNGTest"/>
  <testcase name="testSharpShooter" time="0.006" classname="com.austingantner.codingchallengerewritelib.AchievementEvaluatorNGTest"/>
  <testcase name="testMageRage" time="0.006" classname="com.austingantner.codingchallengerewritelib.AchievementEvaluatorNGTest"/>
  <testcase name="testWingman" time="0.010" classname="com.austingantner.codingchallengerewritelib.AchievementEvaluatorNGTest"/>
  <testcase name="testWarrior" time="0.006" classname="com.austingantner.codingchallengerewritelib.AchievementEvaluatorNGTest"/>
  <testcase name="testOneManWreckingCrew" time="0.009" classname="com.austingantner.codingchallengerewritelib.AchievementEvaluatorNGTest"/>
  <testcase name="testFinishingTouch" time="0.006" classname="com.austingantner.codingchallengerewritelib.AchievementEvaluatorNGTest"/>
  <testcase name="testEvaluatePlayer" time="0.290" classname="com.austingantner.codingchallengerewritelib.AchievementEvaluatorNGTest"/>
  <testcase name="testVeteran" time="0.009" classname="com.austingantner.codingchallengerewritelib.AchievementEvaluatorNGTest"/>
  <testcase name="testWorthless" time="0.009" classname="com.austingantner.codingchallengerewritelib.AchievementEvaluatorNGTest"/>
</testsuite> <!-- com.austingantner.codingchallengerewritelib.AchievementEvaluatorNGTest -->
